Vivado Simulator 2019.2
Time resolution is 1 ps
--------------------------------------------------
xmem[0]   = 4405413365422220568237000915304400287543352561343753572223565637763382054477
xmem[1]   = 6841050157441205931338425772670186416893100371404196137869071597866951453931
xmem[682] = 2413490758094355562963477483797761988684020051603859628159714316734641851048
xmem[683] = 4137491393350453279930903109512915560743329119262204695701606587362079083236
--------------------------------------------------
ymem[0]   = 2204662042624091946242497476583881364078081899192253257555670568450074315326
ymem[1]   = 2488833392181327335603686618403172217940793313723281563986810694488817494221
ymem[682] = 881941891211874364329540434964732710127385696406863443970263072392812199239
ymem[683] = 6817241521354139194318936399891701764102461992575530180866140021632826787814
--------------------------------------------------
[0] [STATE] -> IDLE (Waiting for i_vld)
[260000] Core Triggered. Signals set: i_lvs_rdy=1, i_size=B8. Waiting...
Starting bhp_with_lossy etc testbench...
[10235000] [STATE] -> INIT (Waiting for i_start_run)
[10245000] [STATE] -> BHP (Core Running...)
[20905000] [HANDSHAKE] >> REQ: DUT wants ID=        58, Chunk=5
[20915000] [HANDSHAKE] << ACK: TB sent Base_X/Y. (idx=229)
